<?xml version="1.0" encoding="UTF-8"?>
<!-- Generated by org.testng.reporters.JUnitReportReporter -->
<testsuite skipped="2" hostname="DESKTOP-9DI402V" name="Automate.shadow" tests="6" failures="0" timestamp="2022-03-07T14:50:13 IST" time="10.912" errors="0">
  <testcase name="navigate" time="0.715" classname="Automate.shadow"/>
  <system-out/>
  <testcase name="navigate1" time="2.121" classname="Automate.shadow"/>
  <system-out/>
  <testcase name="create_account" time="7.195" classname="Automate.shadow"/>
  <system-out/>
  <testcase name="signin" time="0.881" classname="Automate.shadow"/>
  <system-out/>
  <testcase name="book" classname="Automate.shadow">
    <skipped/>
  </testcase> <!-- book -->
  <system-out/>
  <testcase name="show_cars" classname="Automate.shadow">
    <skipped/>
  </testcase> <!-- show_cars -->
  <system-out/>
</testsuite> <!-- Automate.shadow -->
