<?xml version="1.0" encoding="UTF-8"?>
<!-- Generated by org.testng.reporters.JUnitReportReporter -->
<testsuite skipped="1" hostname="DESKTOP-9DI402V" name="DemoAccount.shadow2" tests="4" failures="0" timestamp="2022-03-10T13:37:48 IST" time="24.917" errors="0">
  <testcase name="navigate" time="0.336" classname="DemoAccount.shadow2"/>
  <system-out/>
  <testcase name="navigate1" time="3.382" classname="DemoAccount.shadow2"/>
  <system-out/>
  <testcase name="register" time="21.199" classname="DemoAccount.shadow2"/>
  <system-out/>
  <testcase name="login" classname="DemoAccount.shadow2">
    <skipped/>
  </testcase> <!-- login -->
  <system-out/>
</testsuite> <!-- DemoAccount.shadow2 -->
