<?xml version="1.0" encoding="UTF-8"?>
<!-- Generated by org.testng.reporters.JUnitReportReporter -->
<testsuite skipped="0" hostname="DESKTOP-9DI402V" name="CheapCar.shadow1" tests="3" failures="0" timestamp="2022-03-09T11:17:10 IST" time="9.408" errors="0">
  <testcase name="navigate" time="0.256" classname="CheapCar.shadow1"/>
  <system-out/>
  <testcase name="navigate1" time="3.496" classname="CheapCar.shadow1"/>
  <system-out/>
  <testcase name="manage_booking" time="5.656" classname="CheapCar.shadow1"/>
  <system-out/>
</testsuite> <!-- CheapCar.shadow1 -->
