<?xml version="1.0" encoding="UTF-8"?>
<!-- Generated by org.testng.reporters.JUnitReportReporter -->
<testsuite skipped="0" hostname="DESKTOP-9DI402V" name="AirportRentals.account" tests="4" failures="0" timestamp="2022-03-09T10:33:54 IST" time="13.200" errors="0">
  <testcase name="navigate" time="0.380" classname="AirportRentals.account"/>
  <system-out/>
  <testcase name="navigate1" time="2.090" classname="AirportRentals.account"/>
  <system-out/>
  <testcase name="create_account" time="9.636" classname="AirportRentals.account"/>
  <system-out/>
  <testcase name="signin" time="1.094" classname="AirportRentals.account"/>
  <system-out/>
</testsuite> <!-- AirportRentals.account -->
