<?xml version="1.0" encoding="UTF-8"?>
<!-- Generated by org.testng.reporters.JUnitReportReporter -->
<testsuite skipped="0" hostname="DESKTOP-9DI402V" name="CheapCar.language" tests="3" failures="0" timestamp="2022-03-09T11:42:17 IST" time="14.298" errors="0">
  <testcase name="navigate" time="0.259" classname="CheapCar.language"/>
  <system-out/>
  <testcase name="navigate1" time="3.292" classname="CheapCar.language"/>
  <system-out/>
  <testcase name="language1" time="10.747" classname="CheapCar.language"/>
  <system-out/>
</testsuite> <!-- CheapCar.language -->
