<?xml version="1.0" encoding="UTF-8"?>
<!-- Generated by org.testng.reporters.JUnitReportReporter -->
<testsuite skipped="0" hostname="DESKTOP-9DI402V" name="Privacy.Policy" tests="2" failures="0" timestamp="2022-03-10T13:06:06 IST" time="42.107" errors="0">
  <testcase name="navigate" time="12.001" classname="Privacy.Policy"/>
  <system-out/>
  <testcase name="opt" time="30.106" classname="Privacy.Policy"/>
  <system-out/>
</testsuite> <!-- Privacy.Policy -->
